  [1m[35m (722.4ms)[0m  [1m[35mCREATE DATABASE "ninetyninecats_development" ENCODING = 'unicode'[0m
  ↳ bin/rails:9
  [1m[35m (269.4ms)[0m  [1m[35mCREATE DATABASE "ninetyninecats_test" ENCODING = 'unicode'[0m
  ↳ bin/rails:9
  [1m[35m (369.3ms)[0m  [1m[35mCREATE TABLE "schema_migrations" ("version" character varying NOT NULL PRIMARY KEY)[0m
  ↳ bin/rails:9
  [1m[35m (81.8ms)[0m  [1m[35mCREATE TABLE "ar_internal_metadata" ("key" character varying NOT NULL PRIMARY KEY, "value" character varying, "created_at" timestamp NOT NULL, "updated_at" timestamp NOT NULL)[0m
  ↳ bin/rails:9
  [1m[35m (0.6ms)[0m  [1m[34mSELECT pg_try_advisory_lock(529538994070430190)[0m
  ↳ bin/rails:9
  [1m[35m (15.6ms)[0m  [1m[34mSELECT "schema_migrations"."version" FROM "schema_migrations" ORDER BY "schema_migrations"."version" ASC[0m
  ↳ bin/rails:9
Migrating to CreateCats (20190226185215)
  [1m[35m (0.3ms)[0m  [1m[35mBEGIN[0m
  ↳ bin/rails:9
  [1m[35m (83.4ms)[0m  [1m[35mCREATE TABLE "cats" ("id" bigserial primary key, "birth_date" date NOT NULL, "color" character varying NOT NULL, "name" character varying NOT NULL, "sex" character varying(1) NOT NULL, "description" text NOT NULL, "created_at" timestamp NOT NULL, "updated_at" timestamp NOT NULL)[0m
  ↳ db/migrate/20190226185215_create_cats.rb:3
  [1m[36mActiveRecord::SchemaMigration Create (3.0ms)[0m  [1m[32mINSERT INTO "schema_migrations" ("version") VALUES ($1) RETURNING "version"[0m  [["version", "20190226185215"]]
  ↳ bin/rails:9
  [1m[35m (0.7ms)[0m  [1m[35mCOMMIT[0m
  ↳ bin/rails:9
  [1m[36mActiveRecord::InternalMetadata Load (0.7ms)[0m  [1m[34mSELECT  "ar_internal_metadata".* FROM "ar_internal_metadata" WHERE "ar_internal_metadata"."key" = $1 LIMIT $2[0m  [["key", "environment"], ["LIMIT", 1]]
  ↳ bin/rails:9
  [1m[35m (0.2ms)[0m  [1m[35mBEGIN[0m
  ↳ bin/rails:9
  [1m[36mActiveRecord::InternalMetadata Create (0.7ms)[0m  [1m[32mINSERT INTO "ar_internal_metadata" ("key", "value", "created_at", "updated_at") VALUES ($1, $2, $3, $4) RETURNING "key"[0m  [["key", "environment"], ["value", "development"], ["created_at", "2019-02-26 18:58:15.745429"], ["updated_at", "2019-02-26 18:58:15.745429"]]
  ↳ bin/rails:9
  [1m[35m (0.5ms)[0m  [1m[35mCOMMIT[0m
  ↳ bin/rails:9
  [1m[35m (0.3ms)[0m  [1m[34mSELECT pg_advisory_unlock(529538994070430190)[0m
  ↳ bin/rails:9
  [1m[35m (0.6ms)[0m  [1m[34mSELECT "schema_migrations"."version" FROM "schema_migrations" ORDER BY "schema_migrations"."version" ASC[0m
  ↳ bin/rails:9
  [1m[35m (1.1ms)[0m  [1m[34mSELECT "schema_migrations"."version" FROM "schema_migrations" ORDER BY "schema_migrations"."version" ASC[0m
  ↳ bin/rails:9
  [1m[35m (0.2ms)[0m  [1m[35mBEGIN[0m
  ↳ db/seeds.rb:9
  [1m[35m (0.3ms)[0m  [1m[31mROLLBACK[0m
  ↳ db/seeds.rb:9
  [1m[35m (0.2ms)[0m  [1m[35mBEGIN[0m
  ↳ db/seeds.rb:10
  [1m[35m (0.2ms)[0m  [1m[31mROLLBACK[0m
  ↳ db/seeds.rb:10
  [1m[36mCat Load (18.3ms)[0m  [1m[34mSELECT "cats".* FROM "cats"[0m
  [1m[35m (0.4ms)[0m  [1m[35mBEGIN[0m
  [1m[35m (0.3ms)[0m  [1m[31mROLLBACK[0m
  [1m[36mCat Load (1.1ms)[0m  [1m[34mSELECT "cats".* FROM "cats"[0m
  [1m[35m (0.2ms)[0m  [1m[35mBEGIN[0m
  [1m[35m (0.3ms)[0m  [1m[31mROLLBACK[0m
  [1m[35m (0.2ms)[0m  [1m[35mBEGIN[0m
  [1m[35m (0.3ms)[0m  [1m[31mROLLBACK[0m
  [1m[35m (0.2ms)[0m  [1m[35mBEGIN[0m
  [1m[35m (0.3ms)[0m  [1m[31mROLLBACK[0m
  [1m[35m (0.3ms)[0m  [1m[35mBEGIN[0m
  [1m[36mCat Create (45.3ms)[0m  [1m[32mINSERT INTO "cats" ("birth_date", "color", "name", "sex", "description", "created_at", "updated_at") VALUES ($1, $2, $3, $4, $5, $6, $7) RETURNING "id"[0m  [["birth_date", "2017-08-08"], ["color", "white"], ["name", "Nora"], ["sex", "F"], ["description", "My beautiful daughter I love her so much!!!!"], ["created_at", "2019-02-26 19:28:00.551750"], ["updated_at", "2019-02-26 19:28:00.551750"]]
  [1m[35m (0.8ms)[0m  [1m[35mCOMMIT[0m
  [1m[36mCat Load (0.7ms)[0m  [1m[34mSELECT "cats".* FROM "cats"[0m
  [1m[35m (0.2ms)[0m  [1m[35mBEGIN[0m
  [1m[36mCat Create (1.4ms)[0m  [1m[32mINSERT INTO "cats" ("birth_date", "color", "name", "sex", "description", "created_at", "updated_at") VALUES ($1, $2, $3, $4, $5, $6, $7) RETURNING "id"[0m  [["birth_date", "1969-04-20"], ["color", "white"], ["name", "Test"], ["sex", "M"], ["description", "placeholder"], ["created_at", "2019-02-26 19:29:08.966930"], ["updated_at", "2019-02-26 19:29:08.966930"]]
  [1m[35m (0.8ms)[0m  [1m[35mCOMMIT[0m
  [1m[36mCat Load (0.6ms)[0m  [1m[34mSELECT "cats".* FROM "cats"[0m
  [1m[36mCat Load (0.6ms)[0m  [1m[34mSELECT  "cats".* FROM "cats" ORDER BY "cats"."id" ASC LIMIT $1[0m  [["LIMIT", 1]]
  [1m[36mCat Load (0.5ms)[0m  [1m[34mSELECT  "cats".* FROM "cats" ORDER BY "cats"."id" DESC LIMIT $1[0m  [["LIMIT", 1]]
Started GET "/cats" for 127.0.0.1 at 2019-02-26 14:32:33 -0500
  [1m[35m (3.0ms)[0m  [1m[34mSELECT "schema_migrations"."version" FROM "schema_migrations" ORDER BY "schema_migrations"."version" ASC[0m
  ↳ /Users/aa/.rbenv/versions/2.5.1/lib/ruby/gems/2.5.0/gems/activerecord-5.2.2/lib/active_record/log_subscriber.rb:98
Processing by CatsController#index as */*
  Parameters: {"user"=>{"name"=>"not_a_mussel!"}}
  Rendering cats/index.html.erb within layouts/application
  [1m[36mCat Load (1.1ms)[0m  [1m[34mSELECT "cats".* FROM "cats"[0m
  ↳ app/views/cats/index.html.erb:3
  Rendered cats/index.html.erb within layouts/application (75.6ms)
Completed 200 OK in 2416ms (Views: 2346.0ms | ActiveRecord: 13.5ms)


Started GET "/cats" for 127.0.0.1 at 2019-02-26 14:33:14 -0500
Processing by CatsController#index as */*
  Parameters: {"user"=>{"name"=>"not_a_mussel!"}}
  Rendering cats/index.html.erb within layouts/application
  [1m[36mCat Load (2.4ms)[0m  [1m[34mSELECT "cats".* FROM "cats"[0m
  ↳ app/views/cats/index.html.erb:3
  Rendered cats/index.html.erb within layouts/application (113.8ms)
Completed 200 OK in 1011ms (Views: 841.4ms | ActiveRecord: 2.4ms)


Started GET "/cat/1" for 127.0.0.1 at 2019-02-26 14:46:53 -0500
  
ActionController::RoutingError (No route matches [GET] "/cat/1"):
  
actionpack (5.2.2) lib/action_dispatch/middleware/debug_exceptions.rb:65:in `call'
web-console (3.7.0) lib/web_console/middleware.rb:135:in `call_app'
web-console (3.7.0) lib/web_console/middleware.rb:30:in `block in call'
web-console (3.7.0) lib/web_console/middleware.rb:20:in `catch'
web-console (3.7.0) lib/web_console/middleware.rb:20:in `call'
actionpack (5.2.2) lib/action_dispatch/middleware/show_exceptions.rb:33:in `call'
railties (5.2.2) lib/rails/rack/logger.rb:38:in `call_app'
railties (5.2.2) lib/rails/rack/logger.rb:26:in `block in call'
activesupport (5.2.2) lib/active_support/tagged_logging.rb:71:in `block in tagged'
activesupport (5.2.2) lib/active_support/tagged_logging.rb:28:in `tagged'
activesupport (5.2.2) lib/active_support/tagged_logging.rb:71:in `tagged'
railties (5.2.2) lib/rails/rack/logger.rb:26:in `call'
sprockets-rails (3.2.1) lib/sprockets/rails/quiet_assets.rb:13:in `call'
actionpack (5.2.2) lib/action_dispatch/middleware/remote_ip.rb:81:in `call'
actionpack (5.2.2) lib/action_dispatch/middleware/request_id.rb:27:in `call'
rack (2.0.6) lib/rack/method_override.rb:22:in `call'
rack (2.0.6) lib/rack/runtime.rb:22:in `call'
activesupport (5.2.2) lib/active_support/cache/strategy/local_cache_middleware.rb:29:in `call'
actionpack (5.2.2) lib/action_dispatch/middleware/executor.rb:14:in `call'
actionpack (5.2.2) lib/action_dispatch/middleware/static.rb:127:in `call'
rack (2.0.6) lib/rack/sendfile.rb:111:in `call'
railties (5.2.2) lib/rails/engine.rb:524:in `call'
puma (3.12.0) lib/puma/configuration.rb:225:in `call'
puma (3.12.0) lib/puma/server.rb:658:in `handle_request'
puma (3.12.0) lib/puma/server.rb:472:in `process_client'
puma (3.12.0) lib/puma/server.rb:332:in `block in run'
puma (3.12.0) lib/puma/thread_pool.rb:133:in `block in spawn_thread'
Started GET "/cat/" for 127.0.0.1 at 2019-02-26 14:47:09 -0500
  
ActionController::RoutingError (No route matches [GET] "/cat"):
  
actionpack (5.2.2) lib/action_dispatch/middleware/debug_exceptions.rb:65:in `call'
web-console (3.7.0) lib/web_console/middleware.rb:135:in `call_app'
web-console (3.7.0) lib/web_console/middleware.rb:30:in `block in call'
web-console (3.7.0) lib/web_console/middleware.rb:20:in `catch'
web-console (3.7.0) lib/web_console/middleware.rb:20:in `call'
actionpack (5.2.2) lib/action_dispatch/middleware/show_exceptions.rb:33:in `call'
railties (5.2.2) lib/rails/rack/logger.rb:38:in `call_app'
railties (5.2.2) lib/rails/rack/logger.rb:26:in `block in call'
activesupport (5.2.2) lib/active_support/tagged_logging.rb:71:in `block in tagged'
activesupport (5.2.2) lib/active_support/tagged_logging.rb:28:in `tagged'
activesupport (5.2.2) lib/active_support/tagged_logging.rb:71:in `tagged'
railties (5.2.2) lib/rails/rack/logger.rb:26:in `call'
sprockets-rails (3.2.1) lib/sprockets/rails/quiet_assets.rb:13:in `call'
actionpack (5.2.2) lib/action_dispatch/middleware/remote_ip.rb:81:in `call'
actionpack (5.2.2) lib/action_dispatch/middleware/request_id.rb:27:in `call'
rack (2.0.6) lib/rack/method_override.rb:22:in `call'
rack (2.0.6) lib/rack/runtime.rb:22:in `call'
activesupport (5.2.2) lib/active_support/cache/strategy/local_cache_middleware.rb:29:in `call'
actionpack (5.2.2) lib/action_dispatch/middleware/executor.rb:14:in `call'
actionpack (5.2.2) lib/action_dispatch/middleware/static.rb:127:in `call'
rack (2.0.6) lib/rack/sendfile.rb:111:in `call'
railties (5.2.2) lib/rails/engine.rb:524:in `call'
puma (3.12.0) lib/puma/configuration.rb:225:in `call'
puma (3.12.0) lib/puma/server.rb:658:in `handle_request'
puma (3.12.0) lib/puma/server.rb:472:in `process_client'
puma (3.12.0) lib/puma/server.rb:332:in `block in run'
puma (3.12.0) lib/puma/thread_pool.rb:133:in `block in spawn_thread'
  [1m[36mCat Load (2.2ms)[0m  [1m[34mSELECT "cats".* FROM "cats"[0m
Started GET "/cats/1" for 127.0.0.1 at 2019-02-26 14:48:31 -0500
Processing by CatsController#show as */*
  Parameters: {"user"=>{"name"=>"not_a_mussel!"}, "id"=>"1"}
  [1m[36mCat Load (0.6ms)[0m  [1m[34mSELECT  "cats".* FROM "cats" WHERE "cats"."id" = $1 LIMIT $2[0m  [["id", 1], ["LIMIT", 1]]
  ↳ app/controllers/cats_controller.rb:9
  Rendering cats/show.html.erb within layouts/application
  Rendered cats/show.html.erb within layouts/application (1.4ms)
Completed 200 OK in 264ms (Views: 146.6ms | ActiveRecord: 15.3ms)


Started GET "/cats/1" for 127.0.0.1 at 2019-02-26 14:49:18 -0500
Processing by CatsController#show as */*
  Parameters: {"user"=>{"name"=>"not_a_mussel!"}, "id"=>"1"}
  [1m[36mCat Load (0.5ms)[0m  [1m[34mSELECT  "cats".* FROM "cats" WHERE "cats"."id" = $1 LIMIT $2[0m  [["id", 1], ["LIMIT", 1]]
  ↳ app/controllers/cats_controller.rb:9
  Rendering cats/show.html.erb within layouts/application
  Rendered cats/show.html.erb within layouts/application (24.1ms)
Completed 200 OK in 170ms (Views: 167.9ms | ActiveRecord: 0.5ms)


Started GET "/cats/1" for 127.0.0.1 at 2019-02-26 14:50:02 -0500
Processing by CatsController#show as */*
  Parameters: {"user"=>{"name"=>"not_a_mussel!"}, "id"=>"1"}
  [1m[36mCat Load (0.6ms)[0m  [1m[34mSELECT  "cats".* FROM "cats" WHERE "cats"."id" = $1 LIMIT $2[0m  [["id", 1], ["LIMIT", 1]]
  ↳ app/controllers/cats_controller.rb:9
  Rendering cats/show.html.erb within layouts/application
  Rendered cats/show.html.erb within layouts/application (1.5ms)
Completed 200 OK in 100ms (Views: 96.4ms | ActiveRecord: 0.6ms)


Started GET "/cats/1" for 127.0.0.1 at 2019-02-26 14:51:24 -0500
Processing by CatsController#show as */*
  Parameters: {"user"=>{"name"=>"not_a_mussel!"}, "id"=>"1"}
  [1m[36mCat Load (1.4ms)[0m  [1m[34mSELECT  "cats".* FROM "cats" WHERE "cats"."id" = $1 LIMIT $2[0m  [["id", 1], ["LIMIT", 1]]
  ↳ app/controllers/cats_controller.rb:9
  Rendering cats/show.html.erb within layouts/application
  Rendered cats/show.html.erb within layouts/application (3.6ms)
Completed 200 OK in 468ms (Views: 450.3ms | ActiveRecord: 1.4ms)


Started GET "/cats/1" for 127.0.0.1 at 2019-02-26 14:51:48 -0500
Processing by CatsController#show as */*
  Parameters: {"user"=>{"name"=>"not_a_mussel!"}, "id"=>"1"}
  [1m[36mCat Load (2.0ms)[0m  [1m[34mSELECT  "cats".* FROM "cats" WHERE "cats"."id" = $1 LIMIT $2[0m  [["id", 1], ["LIMIT", 1]]
  ↳ app/controllers/cats_controller.rb:9
  Rendering cats/show.html.erb within layouts/application
  Rendered cats/show.html.erb within layouts/application (11.9ms)
Completed 200 OK in 806ms (Views: 704.8ms | ActiveRecord: 2.0ms)


Started GET "/cats/new" for 127.0.0.1 at 2019-02-26 15:00:34 -0500
Processing by CatsController#new as */*
  Parameters: {"user"=>{"name"=>"not_a_mussel!"}}
  Rendering cats/new.html.erb within layouts/application
  Rendered cats/new.html.erb within layouts/application (1.1ms)
Completed 200 OK in 202ms (Views: 163.6ms | ActiveRecord: 0.0ms)


Started GET "/cats/new" for 127.0.0.1 at 2019-02-26 15:00:44 -0500
Processing by CatsController#new as */*
  Parameters: {"user"=>{"name"=>"not_a_mussel!"}}
  Rendering cats/new.html.erb within layouts/application
  Rendered cats/new.html.erb within layouts/application (0.9ms)
Completed 200 OK in 64ms (Views: 41.5ms | ActiveRecord: 0.0ms)


Started GET "/cats/1" for 127.0.0.1 at 2019-02-26 15:04:10 -0500
Processing by CatsController#show as */*
  Parameters: {"user"=>{"name"=>"not_a_mussel!"}, "id"=>"1"}
  [1m[36mCat Load (0.8ms)[0m  [1m[34mSELECT  "cats".* FROM "cats" WHERE "cats"."id" = $1 LIMIT $2[0m  [["id", 1], ["LIMIT", 1]]
  ↳ app/controllers/cats_controller.rb:9
  Rendering cats/show.html.erb within layouts/application
  Rendered cats/show.html.erb within layouts/application (1.2ms)
Completed 200 OK in 241ms (Views: 135.1ms | ActiveRecord: 14.7ms)


Started GET "/cats/new" for 127.0.0.1 at 2019-02-26 15:05:39 -0500
Processing by CatsController#new as */*
  Parameters: {"user"=>{"name"=>"not_a_mussel!"}}
  Rendering cats/new.html.erb within layouts/application
  Rendered cats/new.html.erb within layouts/application (4.5ms)
Completed 200 OK in 170ms (Views: 133.4ms | ActiveRecord: 0.0ms)


Started GET "/cats/new" for 127.0.0.1 at 2019-02-26 15:12:56 -0500
Processing by CatsController#new as */*
  Parameters: {"user"=>{"name"=>"not_a_mussel!"}}
  Rendering cats/new.html.erb within layouts/application
  Rendered cats/new.html.erb within layouts/application (3.0ms)
Completed 200 OK in 198ms (Views: 174.5ms | ActiveRecord: 0.0ms)


Started GET "/cats/new" for 127.0.0.1 at 2019-02-26 15:13:40 -0500
Processing by CatsController#new as */*
  Parameters: {"user"=>{"name"=>"not_a_mussel!"}}
  Rendering cats/new.html.erb within layouts/application
  Rendered cats/new.html.erb within layouts/application (1.1ms)
Completed 200 OK in 91ms (Views: 69.9ms | ActiveRecord: 0.0ms)


Started GET "/cats/new" for 127.0.0.1 at 2019-02-26 15:14:08 -0500
Processing by CatsController#new as */*
  Parameters: {"user"=>{"name"=>"not_a_mussel!"}}
  Rendering cats/new.html.erb within layouts/application
  Rendered cats/new.html.erb within layouts/application (0.8ms)
Completed 200 OK in 75ms (Views: 49.4ms | ActiveRecord: 0.0ms)


Started GET "/cats/new" for 127.0.0.1 at 2019-02-26 15:16:10 -0500
Processing by CatsController#new as */*
  Parameters: {"user"=>{"name"=>"not_a_mussel!"}}
  Rendering cats/new.html.erb within layouts/application
  Rendered cats/new.html.erb within layouts/application (1.4ms)
Completed 200 OK in 173ms (Views: 171.3ms | ActiveRecord: 0.0ms)


Started GET "/cats/new" for 127.0.0.1 at 2019-02-26 15:18:33 -0500
Processing by CatsController#new as */*
  Parameters: {"user"=>{"name"=>"not_a_mussel!"}}
  Rendering cats/new.html.erb within layouts/application
  Rendered cats/new.html.erb within layouts/application (0.4ms)
Completed 200 OK in 119ms (Views: 118.5ms | ActiveRecord: 0.0ms)


Started GET "/cats/new" for 127.0.0.1 at 2019-02-26 15:19:10 -0500
  [1m[35m (21.7ms)[0m  [1m[34mSELECT "schema_migrations"."version" FROM "schema_migrations" ORDER BY "schema_migrations"."version" ASC[0m
  ↳ /Users/aa/.rbenv/versions/2.5.1/lib/ruby/gems/2.5.0/gems/activerecord-5.2.2/lib/active_record/log_subscriber.rb:98
Processing by CatsController#new as */*
  Parameters: {"user"=>{"name"=>"not_a_mussel!"}}
  Rendering cats/new.html.erb within layouts/application
  Rendered cats/new.html.erb within layouts/application (1.8ms)
Completed 200 OK in 350ms (Views: 342.1ms | ActiveRecord: 0.0ms)


Started GET "/cats/new" for 127.0.0.1 at 2019-02-26 15:25:25 -0500

SyntaxError - syntax error, unexpected tIDENTIFIER, expecting keyword_end
        render :json params
                     ^~~~~~:
  app/controllers/cats_controller.rb:14:in `'

Started POST "/__better_errors/dc6586aa7a9d02cf/variables" for 127.0.0.1 at 2019-02-26 15:25:25 -0500
Started GET "/cats/new" for 127.0.0.1 at 2019-02-26 15:26:16 -0500
Processing by CatsController#new as HTML
  Rendering cats/new.html.erb within layouts/application
  Rendered cats/new.html.erb within layouts/application (1.2ms)
Completed 200 OK in 115ms (Views: 114.4ms | ActiveRecord: 0.0ms)


Started POST "/cats" for 127.0.0.1 at 2019-02-26 15:26:29 -0500
Processing by CatsController#create as HTML
  Parameters: {"cat"=>{"name"=>"bbddbf", "birth_date"=>"2019-02-06", "sex"=>"df", "color"=>"dbf", "description"=>"dfbdfb"}}
Started GET "/cats/new" for 127.0.0.1 at 2019-02-26 15:29:57 -0500
Processing by CatsController#new as HTML
  Rendering cats/new.html.erb within layouts/application
  Rendered cats/new.html.erb within layouts/application (3.1ms)
No template found for CatsController#create, rendering head :no_content
Completed 204 No Content in 208543ms (ActiveRecord: 0.0ms)


Completed 200 OK in 295ms (Views: 291.6ms | ActiveRecord: 0.0ms)


Started GET "/cats/new" for 127.0.0.1 at 2019-02-26 15:30:35 -0500
  [1m[35m (1.3ms)[0m  [1m[34mSELECT "schema_migrations"."version" FROM "schema_migrations" ORDER BY "schema_migrations"."version" ASC[0m
  ↳ /Users/aa/.rbenv/versions/2.5.1/lib/ruby/gems/2.5.0/gems/activerecord-5.2.2/lib/active_record/log_subscriber.rb:98
Processing by CatsController#new as HTML
  Rendering cats/new.html.erb within layouts/application
  Rendered cats/new.html.erb within layouts/application (1.5ms)
Completed 200 OK in 312ms (Views: 303.4ms | ActiveRecord: 0.0ms)


Started GET "/cats/new" for 127.0.0.1 at 2019-02-26 15:43:00 -0500
Processing by CatsController#new as HTML
  Rendering cats/new.html.erb within layouts/application
  Rendered cats/new.html.erb within layouts/application (23.8ms)
Completed 200 OK in 117ms (Views: 115.6ms | ActiveRecord: 0.0ms)


Started GET "/cats/new" for 127.0.0.1 at 2019-02-26 15:44:24 -0500
Processing by CatsController#new as HTML
  Rendering cats/new.html.erb within layouts/application
  Rendered cats/new.html.erb within layouts/application (0.9ms)
Completed 200 OK in 93ms (Views: 92.7ms | ActiveRecord: 0.0ms)


Started GET "/cats/new" for 127.0.0.1 at 2019-02-26 15:44:25 -0500
Processing by CatsController#new as HTML
  Rendering cats/new.html.erb within layouts/application
  Rendered cats/new.html.erb within layouts/application (0.8ms)
Completed 200 OK in 23ms (Views: 22.5ms | ActiveRecord: 0.0ms)


Started GET "/cats/new" for 127.0.0.1 at 2019-02-26 15:44:26 -0500
Processing by CatsController#new as HTML
  Rendering cats/new.html.erb within layouts/application
  Rendered cats/new.html.erb within layouts/application (0.7ms)
Completed 200 OK in 22ms (Views: 21.2ms | ActiveRecord: 0.0ms)


Started GET "/cats/new" for 127.0.0.1 at 2019-02-26 15:47:19 -0500
Processing by CatsController#new as HTML
  Rendering cats/new.html.erb within layouts/application
  Rendered cats/new.html.erb within layouts/application (3.7ms)
Completed 200 OK in 317ms (Views: 312.5ms | ActiveRecord: 0.0ms)


Started GET "/cats/new" for 127.0.0.1 at 2019-02-26 15:47:55 -0500
Processing by CatsController#new as HTML
  Rendering cats/new.html.erb within layouts/application
  Rendered cats/new.html.erb within layouts/application (1.1ms)
Completed 200 OK in 108ms (Views: 107.2ms | ActiveRecord: 0.0ms)


Started POST "/cats" for 127.0.0.1 at 2019-02-26 15:48:32 -0500
Processing by CatsController#create as HTML
  Parameters: {"cat"=>{"name"=>"hello", "birth_date"=>"2019-02-04", "sex"=>"F", "color"=>"", "description"=>"dagdafds"}}
No template found for CatsController#create, rendering head :no_content
Completed 204 No Content in 68070ms (ActiveRecord: 0.0ms)


Started POST "/cats" for 127.0.0.1 at 2019-02-26 15:49:51 -0500
Processing by CatsController#create as HTML
  Parameters: {"cat"=>{"name"=>"hello", "birth_date"=>"2019-02-04", "sex"=>"F", "color"=>"", "description"=>"dagdafds"}}
No template found for CatsController#create, rendering head :no_content
Completed 204 No Content in 137ms (ActiveRecord: 0.0ms)


Started POST "/cats" for 127.0.0.1 at 2019-02-26 15:50:17 -0500
  [1m[35m (1.4ms)[0m  [1m[34mSELECT "schema_migrations"."version" FROM "schema_migrations" ORDER BY "schema_migrations"."version" ASC[0m
  ↳ /Users/aa/.rbenv/versions/2.5.1/lib/ruby/gems/2.5.0/gems/activerecord-5.2.2/lib/active_record/log_subscriber.rb:98
Processing by CatsController#create as HTML
  Parameters: {"cat"=>{"name"=>"hello", "birth_date"=>"2019-02-04", "sex"=>"F", "color"=>"", "description"=>"dagdafds"}}
No template found for CatsController#create, rendering head :no_content
Completed 204 No Content in 236601ms (ActiveRecord: 0.0ms)


Started POST "/cats" for 127.0.0.1 at 2019-02-26 15:54:33 -0500
  [1m[35m (1.2ms)[0m  [1m[34mSELECT "schema_migrations"."version" FROM "schema_migrations" ORDER BY "schema_migrations"."version" ASC[0m
  ↳ /Users/aa/.rbenv/versions/2.5.1/lib/ruby/gems/2.5.0/gems/activerecord-5.2.2/lib/active_record/log_subscriber.rb:98
Processing by CatsController#create as HTML
  Parameters: {"cat"=>{"name"=>"hello", "birth_date"=>"2019-02-04", "sex"=>"F", "color"=>"", "description"=>"dagdafds"}}
No template found for CatsController#create, rendering head :no_content
Completed 204 No Content in 42431ms (ActiveRecord: 0.0ms)


Started POST "/cats" for 127.0.0.1 at 2019-02-26 15:55:47 -0500
  [1m[35m (1.7ms)[0m  [1m[34mSELECT "schema_migrations"."version" FROM "schema_migrations" ORDER BY "schema_migrations"."version" ASC[0m
  ↳ /Users/aa/.rbenv/versions/2.5.1/lib/ruby/gems/2.5.0/gems/activerecord-5.2.2/lib/active_record/log_subscriber.rb:98
Processing by CatsController#create as HTML
  Parameters: {"cat"=>{"name"=>"hello", "birth_date"=>"2019-02-04", "sex"=>"F", "color"=>"", "description"=>"dagdafds"}}
No template found for CatsController#create, rendering head :no_content
Completed 204 No Content in 43918ms (ActiveRecord: 0.0ms)


Started GET "/cats/new" for 127.0.0.1 at 2019-02-26 15:56:58 -0500
  [1m[35m (1.2ms)[0m  [1m[34mSELECT "schema_migrations"."version" FROM "schema_migrations" ORDER BY "schema_migrations"."version" ASC[0m
  ↳ /Users/aa/.rbenv/versions/2.5.1/lib/ruby/gems/2.5.0/gems/activerecord-5.2.2/lib/active_record/log_subscriber.rb:98
Processing by CatsController#new as HTML
  Rendering cats/new.html.erb within layouts/application
  Rendered cats/new.html.erb within layouts/application (91.9ms)
Completed 200 OK in 448ms (Views: 438.8ms | ActiveRecord: 0.0ms)


Started POST "/cats" for 127.0.0.1 at 2019-02-26 15:57:05 -0500
Processing by CatsController#create as HTML
  Parameters: {"cat"=>{"name"=>"", "birth_date"=>"", "description"=>""}}
No template found for CatsController#create, rendering head :no_content
Completed 204 No Content in 41730ms (ActiveRecord: 0.0ms)


Started POST "/cats" for 127.0.0.1 at 2019-02-26 15:58:14 -0500
  [1m[35m (1.0ms)[0m  [1m[34mSELECT "schema_migrations"."version" FROM "schema_migrations" ORDER BY "schema_migrations"."version" ASC[0m
  ↳ /Users/aa/.rbenv/versions/2.5.1/lib/ruby/gems/2.5.0/gems/activerecord-5.2.2/lib/active_record/log_subscriber.rb:98
Processing by CatsController#create as HTML
  Parameters: {"cat"=>{"name"=>"", "birth_date"=>"", "description"=>""}}
No template found for CatsController#create, rendering head :no_content
Completed 204 No Content in 3962ms (ActiveRecord: 0.0ms)


Started POST "/cats" for 127.0.0.1 at 2019-02-26 15:58:46 -0500
Processing by CatsController#create as HTML
  Parameters: {"cat"=>{"name"=>"dsd", "birth_date"=>"2029-02-07", "sex"=>"F", "color"=>{" = value"=>""}, "description"=>"dsasfgasgdf"}}
No template found for CatsController#create, rendering head :no_content
Completed 204 No Content in 74918ms (ActiveRecord: 0.0ms)


Started GET "/cats/new" for 127.0.0.1 at 2019-02-26 16:00:15 -0500
Processing by CatsController#new as HTML
  Rendering cats/new.html.erb within layouts/application
  Rendered cats/new.html.erb within layouts/application (24.5ms)
Completed 200 OK in 415ms (Views: 412.9ms | ActiveRecord: 0.0ms)


Started POST "/cats" for 127.0.0.1 at 2019-02-26 16:00:28 -0500
Processing by CatsController#create as HTML
  Parameters: {"cat"=>{"name"=>"gdh", "birth_date"=>"2019-02-05", "sex"=>"F", "color"=>"white", "description"=>"gdhd"}}
No template found for CatsController#create, rendering head :no_content
Completed 204 No Content in 35353ms (ActiveRecord: 0.0ms)


Started GET "/cats/new" for 127.0.0.1 at 2019-02-26 16:01:18 -0500
Processing by CatsController#new as HTML
  Rendering cats/new.html.erb within layouts/application
  Rendered cats/new.html.erb within layouts/application (24.3ms)
Completed 200 OK in 157ms (Views: 155.8ms | ActiveRecord: 0.0ms)


Started GET "/cats/new" for 127.0.0.1 at 2019-02-26 16:13:44 -0500
Processing by CatsController#new as HTML
  Rendering cats/new.html.erb within layouts/application
  Rendered cats/new.html.erb within layouts/application (3.0ms)
Completed 200 OK in 178ms (Views: 173.5ms | ActiveRecord: 0.0ms)


Started GET "/cats/new" for 127.0.0.1 at 2019-02-26 16:22:28 -0500
Processing by CatsController#new as HTML
  Rendering cats/new.html.erb within layouts/application
  Rendered cats/new.html.erb within layouts/application (119.5ms)
Completed 200 OK in 451ms (Views: 448.7ms | ActiveRecord: 0.0ms)


Started POST "/cats" for 127.0.0.1 at 2019-02-26 16:22:59 -0500
Processing by CatsController#create as HTML
  Parameters: {"cat"=>{"name"=>"oliver", "birth_date"=>"2019-01-27", "sex"=>"M", "color"=>"black", "description"=>"Good boy!"}}
  [1m[35m (0.2ms)[0m  [1m[35mBEGIN[0m
  ↳ app/controllers/cats_controller.rb:15
  [1m[36mCat Create (33.2ms)[0m  [1m[32mINSERT INTO "cats" ("birth_date", "color", "name", "sex", "description", "created_at", "updated_at") VALUES ($1, $2, $3, $4, $5, $6, $7) RETURNING "id"[0m  [["birth_date", "2019-01-27"], ["color", "black"], ["name", "oliver"], ["sex", "M"], ["description", "Good boy!"], ["created_at", "2019-02-26 21:22:59.570066"], ["updated_at", "2019-02-26 21:22:59.570066"]]
  ↳ app/controllers/cats_controller.rb:15
  [1m[35m (9.9ms)[0m  [1m[35mCOMMIT[0m
  ↳ app/controllers/cats_controller.rb:15
Redirected to http://localhost:3000/cats/3
Completed 302 Found in 100ms (ActiveRecord: 57.2ms)


Started GET "/cats/3" for 127.0.0.1 at 2019-02-26 16:22:59 -0500
Processing by CatsController#show as HTML
  Parameters: {"id"=>"3"}
  [1m[36mCat Load (1.0ms)[0m  [1m[34mSELECT  "cats".* FROM "cats" WHERE "cats"."id" = $1 LIMIT $2[0m  [["id", 3], ["LIMIT", 1]]
  ↳ app/controllers/cats_controller.rb:9
  Rendering cats/show.html.erb within layouts/application
  Rendered cats/show.html.erb within layouts/application (0.7ms)
Completed 200 OK in 141ms (Views: 53.9ms | ActiveRecord: 1.4ms)


Started GET "/cats/3" for 127.0.0.1 at 2019-02-26 16:23:08 -0500
Processing by CatsController#show as HTML
  Parameters: {"id"=>"3"}
  [1m[36mCat Load (0.6ms)[0m  [1m[34mSELECT  "cats".* FROM "cats" WHERE "cats"."id" = $1 LIMIT $2[0m  [["id", 3], ["LIMIT", 1]]
  ↳ app/controllers/cats_controller.rb:9
  Rendering cats/show.html.erb within layouts/application
  Rendered cats/show.html.erb within layouts/application (0.8ms)
Completed 200 OK in 32ms (Views: 29.2ms | ActiveRecord: 0.6ms)


Started GET "/cats/new" for 127.0.0.1 at 2019-02-26 16:23:16 -0500
Processing by CatsController#new as HTML
  Rendering cats/new.html.erb within layouts/application
  Rendered cats/new.html.erb within layouts/application (0.9ms)
Completed 200 OK in 74ms (Views: 71.9ms | ActiveRecord: 0.0ms)


Started POST "/cats" for 127.0.0.1 at 2019-02-26 16:23:21 -0500
Processing by CatsController#create as HTML
  Parameters: {"cat"=>{"name"=>"", "birth_date"=>"", "sex"=>"F", "description"=>""}}
  [1m[35m (0.7ms)[0m  [1m[35mBEGIN[0m
  ↳ app/controllers/cats_controller.rb:15
  [1m[35m (0.3ms)[0m  [1m[31mROLLBACK[0m
  ↳ app/controllers/cats_controller.rb:15
Completed 500 Internal Server Error in 93ms (ActiveRecord: 0.9ms)



NoMethodError - undefined method `error' for #<Cat:0x00007fd7519d8a98>
Did you mean?  errors:
  app/controllers/cats_controller.rb:18:in `create'

Started POST "/__better_errors/f24d11122c3069a8/variables" for 127.0.0.1 at 2019-02-26 16:23:21 -0500
Started GET "/cats/new" for 127.0.0.1 at 2019-02-26 16:23:36 -0500
Processing by CatsController#new as HTML
  Rendering cats/new.html.erb within layouts/application
  Rendered cats/new.html.erb within layouts/application (57.3ms)
Completed 200 OK in 296ms (Views: 295.3ms | ActiveRecord: 0.0ms)


Started POST "/cats" for 127.0.0.1 at 2019-02-26 16:23:40 -0500
Processing by CatsController#create as HTML
  Parameters: {"cat"=>{"name"=>"", "birth_date"=>"", "sex"=>"F", "description"=>""}}
  [1m[35m (0.2ms)[0m  [1m[35mBEGIN[0m
  ↳ app/controllers/cats_controller.rb:15
  [1m[35m (0.3ms)[0m  [1m[31mROLLBACK[0m
  ↳ app/controllers/cats_controller.rb:15
Completed 422 Unprocessable Entity in 34ms (Views: 0.4ms | ActiveRecord: 9.4ms)


Started GET "/cats/1/edit" for 127.0.0.1 at 2019-02-26 16:49:38 -0500
  [1m[35m (58.1ms)[0m  [1m[34mSELECT "schema_migrations"."version" FROM "schema_migrations" ORDER BY "schema_migrations"."version" ASC[0m
  ↳ /Users/aa/.rbenv/versions/2.5.1/lib/ruby/gems/2.5.0/gems/activerecord-5.2.2/lib/active_record/log_subscriber.rb:98
Processing by CatsController#edit as HTML
  Parameters: {"id"=>"1"}
  [1m[36mCat Load (6.4ms)[0m  [1m[34mSELECT  "cats".* FROM "cats" WHERE "cats"."id" = $1 LIMIT $2[0m  [["id", 1], ["LIMIT", 1]]
  ↳ app/controllers/cats_controller.rb:27
  Rendering cats/edit.html.erb within layouts/application
  Rendered cats/edit.html.erb within layouts/application (34.5ms)
Completed 200 OK in 496ms (Views: 331.4ms | ActiveRecord: 68.1ms)


Started GET "/cats/1/edit" for 127.0.0.1 at 2019-02-26 16:50:09 -0500
Processing by CatsController#edit as HTML
  Parameters: {"id"=>"1"}
  [1m[36mCat Load (1.4ms)[0m  [1m[34mSELECT  "cats".* FROM "cats" WHERE "cats"."id" = $1 LIMIT $2[0m  [["id", 1], ["LIMIT", 1]]
  ↳ app/controllers/cats_controller.rb:27
  Rendering cats/edit.html.erb within layouts/application
  Rendered cats/edit.html.erb within layouts/application (37.0ms)
Completed 200 OK in 257ms (Views: 223.9ms | ActiveRecord: 7.8ms)


Started GET "/cats/1/edit" for 127.0.0.1 at 2019-02-26 16:50:10 -0500
Processing by CatsController#edit as HTML
  Parameters: {"id"=>"1"}
  [1m[36mCat Load (0.6ms)[0m  [1m[34mSELECT  "cats".* FROM "cats" WHERE "cats"."id" = $1 LIMIT $2[0m  [["id", 1], ["LIMIT", 1]]
  ↳ app/controllers/cats_controller.rb:27
  Rendering cats/edit.html.erb within layouts/application
  Rendered cats/edit.html.erb within layouts/application (1.4ms)
Completed 200 OK in 31ms (Views: 28.8ms | ActiveRecord: 0.6ms)


Started GET "/cats/1/edit" for 127.0.0.1 at 2019-02-26 16:50:19 -0500
Processing by CatsController#edit as HTML
  Parameters: {"id"=>"1"}
  [1m[36mCat Load (1.3ms)[0m  [1m[34mSELECT  "cats".* FROM "cats" WHERE "cats"."id" = $1 LIMIT $2[0m  [["id", 1], ["LIMIT", 1]]
  ↳ app/controllers/cats_controller.rb:27
  Rendering cats/edit.html.erb within layouts/application
  Rendered cats/edit.html.erb within layouts/application (1.2ms)
Completed 200 OK in 46ms (Views: 43.0ms | ActiveRecord: 1.3ms)


Started GET "/cats/2/edit" for 127.0.0.1 at 2019-02-26 16:50:26 -0500
Processing by CatsController#edit as HTML
  Parameters: {"id"=>"2"}
  [1m[36mCat Load (0.9ms)[0m  [1m[34mSELECT  "cats".* FROM "cats" WHERE "cats"."id" = $1 LIMIT $2[0m  [["id", 2], ["LIMIT", 1]]
  ↳ app/controllers/cats_controller.rb:27
  Rendering cats/edit.html.erb within layouts/application
  Rendered cats/edit.html.erb within layouts/application (1.0ms)
Completed 200 OK in 25ms (Views: 21.8ms | ActiveRecord: 0.9ms)


Started GET "/cats/2/edit" for 127.0.0.1 at 2019-02-26 16:53:02 -0500
Processing by CatsController#edit as HTML
  Parameters: {"id"=>"2"}
  [1m[36mCat Load (1.5ms)[0m  [1m[34mSELECT  "cats".* FROM "cats" WHERE "cats"."id" = $1 LIMIT $2[0m  [["id", 2], ["LIMIT", 1]]
  ↳ app/controllers/cats_controller.rb:27
  Rendering cats/edit.html.erb within layouts/application
  Rendered cats/edit.html.erb within layouts/application (65.5ms)
Completed 500 Internal Server Error in 96ms (ActiveRecord: 1.5ms)



NoMethodError - undefined method `color' for nil:NilClass:
  app/views/cats/edit.html.erb:27:in `_app_views_cats_edit_html_erb__4067835899948222362_70342393968600'
  app/controllers/cats_controller.rb:29:in `edit'

Started POST "/__better_errors/19cbe32886caa6b2/variables" for 127.0.0.1 at 2019-02-26 16:53:03 -0500
Started GET "/cats/2/edit" for 127.0.0.1 at 2019-02-26 16:53:14 -0500
Processing by CatsController#edit as HTML
  Parameters: {"id"=>"2"}
  [1m[36mCat Load (0.9ms)[0m  [1m[34mSELECT  "cats".* FROM "cats" WHERE "cats"."id" = $1 LIMIT $2[0m  [["id", 2], ["LIMIT", 1]]
  ↳ app/controllers/cats_controller.rb:27
  Rendering cats/edit.html.erb within layouts/application
  Rendered cats/edit.html.erb within layouts/application (1.1ms)
Completed 200 OK in 48ms (Views: 45.6ms | ActiveRecord: 0.9ms)


Started GET "/cats/2/edit" for 127.0.0.1 at 2019-02-26 16:55:22 -0500
Processing by CatsController#edit as HTML
  Parameters: {"id"=>"2"}
  [1m[36mCat Load (0.6ms)[0m  [1m[34mSELECT  "cats".* FROM "cats" WHERE "cats"."id" = $1 LIMIT $2[0m  [["id", 2], ["LIMIT", 1]]
  ↳ app/controllers/cats_controller.rb:27
  Rendering cats/edit.html.erb within layouts/application
  Rendered cats/edit.html.erb within layouts/application (1.1ms)
Completed 200 OK in 173ms (Views: 171.3ms | ActiveRecord: 0.6ms)


Started GET "/cats/2/edit" for 127.0.0.1 at 2019-02-26 16:55:23 -0500
Processing by CatsController#edit as HTML
  Parameters: {"id"=>"2"}
  [1m[36mCat Load (1.0ms)[0m  [1m[34mSELECT  "cats".* FROM "cats" WHERE "cats"."id" = $1 LIMIT $2[0m  [["id", 2], ["LIMIT", 1]]
  ↳ app/controllers/cats_controller.rb:27
  Rendering cats/edit.html.erb within layouts/application
  Rendered cats/edit.html.erb within layouts/application (1.1ms)
Completed 200 OK in 22ms (Views: 19.1ms | ActiveRecord: 1.0ms)


Started GET "/cats/2/edit" for 127.0.0.1 at 2019-02-26 16:55:42 -0500
Processing by CatsController#edit as HTML
  Parameters: {"id"=>"2"}
  [1m[36mCat Load (0.6ms)[0m  [1m[34mSELECT  "cats".* FROM "cats" WHERE "cats"."id" = $1 LIMIT $2[0m  [["id", 2], ["LIMIT", 1]]
  ↳ app/controllers/cats_controller.rb:27
  Rendering cats/edit.html.erb within layouts/application
  Rendered cats/edit.html.erb within layouts/application (1.0ms)
Completed 200 OK in 24ms (Views: 22.4ms | ActiveRecord: 0.6ms)


Started GET "/cats/2/edit" for 127.0.0.1 at 2019-02-26 16:56:07 -0500
Processing by CatsController#edit as HTML
  Parameters: {"id"=>"2"}
  [1m[36mCat Load (0.7ms)[0m  [1m[34mSELECT  "cats".* FROM "cats" WHERE "cats"."id" = $1 LIMIT $2[0m  [["id", 2], ["LIMIT", 1]]
  ↳ app/controllers/cats_controller.rb:27
  Rendering cats/edit.html.erb within layouts/application
  Rendered cats/edit.html.erb within layouts/application (1.2ms)
Completed 200 OK in 33ms (Views: 31.3ms | ActiveRecord: 0.7ms)


Started GET "/cats/1/edit" for 127.0.0.1 at 2019-02-26 16:56:12 -0500
Processing by CatsController#edit as HTML
  Parameters: {"id"=>"1"}
  [1m[36mCat Load (0.9ms)[0m  [1m[34mSELECT  "cats".* FROM "cats" WHERE "cats"."id" = $1 LIMIT $2[0m  [["id", 1], ["LIMIT", 1]]
  ↳ app/controllers/cats_controller.rb:27
  Rendering cats/edit.html.erb within layouts/application
  Rendered cats/edit.html.erb within layouts/application (1.5ms)
Completed 200 OK in 31ms (Views: 28.2ms | ActiveRecord: 0.9ms)


Started GET "/cats/1/edit" for 127.0.0.1 at 2019-02-26 16:56:40 -0500
Processing by CatsController#edit as HTML
  Parameters: {"id"=>"1"}
  [1m[36mCat Load (0.4ms)[0m  [1m[34mSELECT  "cats".* FROM "cats" WHERE "cats"."id" = $1 LIMIT $2[0m  [["id", 1], ["LIMIT", 1]]
  ↳ app/controllers/cats_controller.rb:27
  Rendering cats/edit.html.erb within layouts/application
  Rendered cats/edit.html.erb within layouts/application (1.3ms)
Completed 200 OK in 84ms (Views: 36.7ms | ActiveRecord: 9.2ms)


Started GET "/cats/1/edit" for 127.0.0.1 at 2019-02-26 16:56:41 -0500
Processing by CatsController#edit as HTML
  Parameters: {"id"=>"1"}
  [1m[36mCat Load (0.5ms)[0m  [1m[34mSELECT  "cats".* FROM "cats" WHERE "cats"."id" = $1 LIMIT $2[0m  [["id", 1], ["LIMIT", 1]]
  ↳ app/controllers/cats_controller.rb:27
  Rendering cats/edit.html.erb within layouts/application
  Rendered cats/edit.html.erb within layouts/application (1.1ms)
Completed 200 OK in 24ms (Views: 22.0ms | ActiveRecord: 0.5ms)


Started PATCH "/cats/1" for 127.0.0.1 at 2019-02-26 16:56:45 -0500
Processing by CatsController#update as HTML
  Parameters: {"cat"=>{"name"=>"Nora", "birth_date"=>"2017-08-08", "sex"=>"F", "color"=>"white", "description"=>"My beautiful daughter I love her so much!!!!"}, "id"=>"1"}
Started PATCH "/cats/1" for 127.0.0.1 at 2019-02-26 16:57:58 -0500
Started GET "/cats/1/edit" for 127.0.0.1 at 2019-02-26 16:57:58 -0500
Completed 500 Internal Server Error in 73027ms (ActiveRecord: 0.0ms)



SystemExit - exit:
  (byebug):1:in `update'
  app/controllers/cats_controller.rb:37:in `update'

Processing by CatsController#edit as HTML
  Parameters: {"id"=>"1"}
Processing by CatsController#update as HTML
  Parameters: {"cat"=>{"name"=>"Nora", "birth_date"=>"2017-08-08", "sex"=>"M", "color"=>"white", "description"=>"My beautiful daughter I love her so much!!!!"}, "id"=>"1"}
  [1m[36mCat Load (2155.7ms)[0m  [1m[34mSELECT  "cats".* FROM "cats" WHERE "cats"."id" = $1 LIMIT $2[0m  [["id", 1], ["LIMIT", 1]]
  ↳ app/controllers/cats_controller.rb:27
  Rendering cats/edit.html.erb within layouts/application
  Rendered cats/edit.html.erb within layouts/application (1.1ms)
No template found for CatsController#update, rendering head :no_content
Completed 204 No Content in 2263ms (ActiveRecord: 0.0ms)


Completed 200 OK in 2304ms (Views: 132.1ms | ActiveRecord: 2163.7ms)


Started GET "/cats/1/edit" for 127.0.0.1 at 2019-02-26 16:58:26 -0500
  [1m[35m (1.2ms)[0m  [1m[34mSELECT "schema_migrations"."version" FROM "schema_migrations" ORDER BY "schema_migrations"."version" ASC[0m
  ↳ /Users/aa/.rbenv/versions/2.5.1/lib/ruby/gems/2.5.0/gems/activerecord-5.2.2/lib/active_record/log_subscriber.rb:98
Processing by CatsController#edit as HTML
  Parameters: {"id"=>"1"}
  [1m[36mCat Load (0.6ms)[0m  [1m[34mSELECT  "cats".* FROM "cats" WHERE "cats"."id" = $1 LIMIT $2[0m  [["id", 1], ["LIMIT", 1]]
  ↳ app/controllers/cats_controller.rb:27
  Rendering cats/edit.html.erb within layouts/application
  Rendered cats/edit.html.erb within layouts/application (2.2ms)
Completed 200 OK in 352ms (Views: 292.8ms | ActiveRecord: 8.6ms)


Started GET "/cats/1/edit" for 127.0.0.1 at 2019-02-26 16:58:40 -0500
Processing by CatsController#edit as HTML
  Parameters: {"id"=>"1"}
  [1m[36mCat Load (0.8ms)[0m  [1m[34mSELECT  "cats".* FROM "cats" WHERE "cats"."id" = $1 LIMIT $2[0m  [["id", 1], ["LIMIT", 1]]
  ↳ app/controllers/cats_controller.rb:27
  Rendering cats/edit.html.erb within layouts/application
  Rendered cats/edit.html.erb within layouts/application (1.6ms)
Completed 200 OK in 183ms (Views: 180.1ms | ActiveRecord: 0.8ms)


Started PATCH "/cats/1" for 127.0.0.1 at 2019-02-26 16:58:48 -0500
Processing by CatsController#update as HTML
  Parameters: {"cat"=>{"name"=>"Nora", "birth_date"=>"2017-08-08", "sex"=>"M", "color"=>"white", "description"=>"My beautiful daughter I love her so much!!!!"}, "id"=>"1"}
No template found for CatsController#update, rendering head :no_content
Completed 204 No Content in 124138ms (ActiveRecord: 0.0ms)


Started GET "/cats/1/edit" for 127.0.0.1 at 2019-02-26 17:01:17 -0500
  [1m[35m (1.0ms)[0m  [1m[34mSELECT "schema_migrations"."version" FROM "schema_migrations" ORDER BY "schema_migrations"."version" ASC[0m
  ↳ /Users/aa/.rbenv/versions/2.5.1/lib/ruby/gems/2.5.0/gems/activerecord-5.2.2/lib/active_record/log_subscriber.rb:98

SyntaxError - syntax error, unexpected tIDENTIFIER, expecting ')'
...  @cat = Cat.find_by(:id params[:id])
...                         ^~~~~~
/Users/aa/Desktop/W4D2/ninetyninecats/app/controllers/cats_controller.rb:36: syntax error, unexpected ')', expecting keyword_end
... = Cat.find_by(:id params[:id])
...                              ^:
  app/controllers/cats_controller.rb:36:in `'

Started POST "/__better_errors/562478ff4fb8a033/variables" for 127.0.0.1 at 2019-02-26 17:01:17 -0500
Started GET "/cats/1/edit" for 127.0.0.1 at 2019-02-26 17:01:36 -0500
Processing by CatsController#edit as HTML
  Parameters: {"id"=>"1"}
  [1m[36mCat Load (0.6ms)[0m  [1m[34mSELECT  "cats".* FROM "cats" WHERE "cats"."id" = $1 LIMIT $2[0m  [["id", 1], ["LIMIT", 1]]
  ↳ app/controllers/cats_controller.rb:27
  Rendering cats/edit.html.erb within layouts/application
  Rendered cats/edit.html.erb within layouts/application (1.8ms)
Completed 200 OK in 726ms (Views: 603.8ms | ActiveRecord: 8.6ms)


Started PATCH "/cats/1" for 127.0.0.1 at 2019-02-26 17:01:45 -0500
Processing by CatsController#update as HTML
  Parameters: {"cat"=>{"name"=>"Nora", "birth_date"=>"2017-08-08", "sex"=>"F", "color"=>"black", "description"=>"My beautiful daughter I love her so much!!!!"}, "id"=>"1"}
  [1m[36mCat Load (0.9ms)[0m  [1m[34mSELECT  "cats".* FROM "cats" WHERE "cats"."id" = $1 LIMIT $2[0m  [["id", 1], ["LIMIT", 1]]
  ↳ app/controllers/cats_controller.rb:36
  [1m[35m (17.3ms)[0m  [1m[35mBEGIN[0m
  ↳ app/controllers/cats_controller.rb:37
  [1m[36mCat Update (90.5ms)[0m  [1m[33mUPDATE "cats" SET "color" = $1, "updated_at" = $2 WHERE "cats"."id" = $3[0m  [["color", "black"], ["updated_at", "2019-02-26 22:01:45.514602"], ["id", 1]]
  ↳ app/controllers/cats_controller.rb:37
  [1m[35m (31.0ms)[0m  [1m[35mCOMMIT[0m
  ↳ app/controllers/cats_controller.rb:37
Redirected to http://localhost:3000/cats
Completed 302 Found in 164ms (ActiveRecord: 139.7ms)


Started GET "/cats" for 127.0.0.1 at 2019-02-26 17:01:45 -0500
Processing by CatsController#index as HTML
  Rendering cats/index.html.erb within layouts/application
  [1m[36mCat Load (0.5ms)[0m  [1m[34mSELECT "cats".* FROM "cats"[0m
  ↳ app/views/cats/index.html.erb:3
  Rendered cats/index.html.erb within layouts/application (1.8ms)
Completed 200 OK in 46ms (Views: 44.9ms | ActiveRecord: 0.5ms)


Started GET "/cats" for 127.0.0.1 at 2019-02-26 17:02:05 -0500
Processing by CatsController#index as HTML
  Rendering cats/index.html.erb within layouts/application
  [1m[36mCat Load (0.6ms)[0m  [1m[34mSELECT "cats".* FROM "cats"[0m
  ↳ app/views/cats/index.html.erb:3
  Rendered cats/index.html.erb within layouts/application (41.3ms)
Completed 200 OK in 67ms (Views: 53.1ms | ActiveRecord: 10.3ms)


Started PATCH "/cats/1" for 127.0.0.1 at 2019-02-26 17:02:10 -0500
Processing by CatsController#update as HTML
  Parameters: {"cat"=>{"name"=>"Nora", "birth_date"=>"2017-08-08", "sex"=>"F", "color"=>"black", "description"=>"My beautiful daughter I love her so much!!!!"}, "id"=>"1"}
  [1m[36mCat Load (0.5ms)[0m  [1m[34mSELECT  "cats".* FROM "cats" WHERE "cats"."id" = $1 LIMIT $2[0m  [["id", 1], ["LIMIT", 1]]
  ↳ app/controllers/cats_controller.rb:36
  [1m[35m (0.2ms)[0m  [1m[35mBEGIN[0m
  ↳ app/controllers/cats_controller.rb:37
  [1m[35m (0.2ms)[0m  [1m[35mCOMMIT[0m
  ↳ app/controllers/cats_controller.rb:37
Redirected to http://localhost:3000/cats
Completed 302 Found in 6ms (ActiveRecord: 0.9ms)


Started GET "/cats" for 127.0.0.1 at 2019-02-26 17:02:10 -0500
Processing by CatsController#index as HTML
  Rendering cats/index.html.erb within layouts/application
  [1m[36mCat Load (0.5ms)[0m  [1m[34mSELECT "cats".* FROM "cats"[0m
  ↳ app/views/cats/index.html.erb:3
  Rendered cats/index.html.erb within layouts/application (1.7ms)
Completed 200 OK in 22ms (Views: 20.6ms | ActiveRecord: 0.5ms)


Started GET "/cats/1/edit" for 127.0.0.1 at 2019-02-26 17:02:18 -0500
Processing by CatsController#edit as HTML
  Parameters: {"id"=>"1"}
  [1m[36mCat Load (0.8ms)[0m  [1m[34mSELECT  "cats".* FROM "cats" WHERE "cats"."id" = $1 LIMIT $2[0m  [["id", 1], ["LIMIT", 1]]
  ↳ app/controllers/cats_controller.rb:27
  Rendering cats/edit.html.erb within layouts/application
  Rendered cats/edit.html.erb within layouts/application (1.8ms)
Completed 200 OK in 46ms (Views: 42.6ms | ActiveRecord: 0.8ms)


Started PATCH "/cats/1" for 127.0.0.1 at 2019-02-26 17:02:25 -0500
Processing by CatsController#update as HTML
  Parameters: {"cat"=>{"name"=>"Nora", "birth_date"=>"2017-08-08", "sex"=>"F", "color"=>"white", "description"=>"My beautiful daughter I love her so much!!!!"}, "id"=>"1"}
  [1m[36mCat Load (0.5ms)[0m  [1m[34mSELECT  "cats".* FROM "cats" WHERE "cats"."id" = $1 LIMIT $2[0m  [["id", 1], ["LIMIT", 1]]
  ↳ app/controllers/cats_controller.rb:36
  [1m[35m (0.3ms)[0m  [1m[35mBEGIN[0m
  ↳ app/controllers/cats_controller.rb:37
  [1m[36mCat Update (0.6ms)[0m  [1m[33mUPDATE "cats" SET "color" = $1, "updated_at" = $2 WHERE "cats"."id" = $3[0m  [["color", "white"], ["updated_at", "2019-02-26 22:02:25.138777"], ["id", 1]]
  ↳ app/controllers/cats_controller.rb:37
  [1m[35m (0.6ms)[0m  [1m[35mCOMMIT[0m
  ↳ app/controllers/cats_controller.rb:37
Redirected to http://localhost:3000/cats
Completed 302 Found in 8ms (ActiveRecord: 2.0ms)


Started GET "/cats" for 127.0.0.1 at 2019-02-26 17:02:25 -0500
Processing by CatsController#index as HTML
  Rendering cats/index.html.erb within layouts/application
  [1m[36mCat Load (0.5ms)[0m  [1m[34mSELECT "cats".* FROM "cats"[0m
  ↳ app/views/cats/index.html.erb:3
  Rendered cats/index.html.erb within layouts/application (2.2ms)
Completed 200 OK in 30ms (Views: 28.4ms | ActiveRecord: 0.5ms)


Started GET "/cats/1/edit" for 127.0.0.1 at 2019-02-26 17:02:46 -0500
Processing by CatsController#edit as HTML
  Parameters: {"id"=>"1"}
  [1m[36mCat Load (0.5ms)[0m  [1m[34mSELECT  "cats".* FROM "cats" WHERE "cats"."id" = $1 LIMIT $2[0m  [["id", 1], ["LIMIT", 1]]
  ↳ app/controllers/cats_controller.rb:27
  Rendering cats/edit.html.erb within layouts/application
  Rendered cats/edit.html.erb within layouts/application (1.7ms)
Completed 200 OK in 65ms (Views: 31.1ms | ActiveRecord: 6.5ms)


Started GET "/cats/1/edit" for 127.0.0.1 at 2019-02-26 17:03:23 -0500
Processing by CatsController#edit as HTML
  Parameters: {"id"=>"1"}
  [1m[36mCat Load (0.3ms)[0m  [1m[34mSELECT  "cats".* FROM "cats" WHERE "cats"."id" = $1 LIMIT $2[0m  [["id", 1], ["LIMIT", 1]]
  ↳ app/controllers/cats_controller.rb:27
  Rendering cats/edit.html.erb within layouts/application
  Rendered cats/edit.html.erb within layouts/application (1.2ms)
Completed 200 OK in 44ms (Views: 22.6ms | ActiveRecord: 6.7ms)


Started GET "/cats/1/edit" for 127.0.0.1 at 2019-02-26 17:03:28 -0500
Processing by CatsController#edit as HTML
  Parameters: {"id"=>"1"}
  [1m[36mCat Load (0.4ms)[0m  [1m[34mSELECT  "cats".* FROM "cats" WHERE "cats"."id" = $1 LIMIT $2[0m  [["id", 1], ["LIMIT", 1]]
  ↳ app/controllers/cats_controller.rb:27
  Rendering cats/edit.html.erb within layouts/application
  Rendered cats/edit.html.erb within layouts/application (1.1ms)
Completed 200 OK in 22ms (Views: 19.6ms | ActiveRecord: 0.4ms)


Started GET "/cats/1/edit" for 127.0.0.1 at 2019-02-26 17:04:19 -0500
  [1m[35m (1.2ms)[0m  [1m[34mSELECT "schema_migrations"."version" FROM "schema_migrations" ORDER BY "schema_migrations"."version" ASC[0m
  ↳ /Users/aa/.rbenv/versions/2.5.1/lib/ruby/gems/2.5.0/gems/activerecord-5.2.2/lib/active_record/log_subscriber.rb:98
Processing by CatsController#edit as HTML
  Parameters: {"id"=>"1"}
  [1m[36mCat Load (0.6ms)[0m  [1m[34mSELECT  "cats".* FROM "cats" WHERE "cats"."id" = $1 LIMIT $2[0m  [["id", 1], ["LIMIT", 1]]
  ↳ app/controllers/cats_controller.rb:27
  Rendering cats/edit.html.erb within layouts/application
  Rendered cats/edit.html.erb within layouts/application (1.7ms)
Completed 200 OK in 258ms (Views: 222.3ms | ActiveRecord: 10.0ms)


Started GET "/cats/1/edit" for 127.0.0.1 at 2019-02-26 17:04:45 -0500
Processing by CatsController#edit as HTML
  Parameters: {"id"=>"1"}
  [1m[36mCat Load (0.5ms)[0m  [1m[34mSELECT  "cats".* FROM "cats" WHERE "cats"."id" = $1 LIMIT $2[0m  [["id", 1], ["LIMIT", 1]]
  ↳ app/controllers/cats_controller.rb:27
  Rendering cats/edit.html.erb within layouts/application
  Rendered cats/edit.html.erb within layouts/application (0.9ms)
Completed 200 OK in 43ms (Views: 18.9ms | ActiveRecord: 7.6ms)


Started GET "/cats/1/edit" for 127.0.0.1 at 2019-02-26 17:04:46 -0500
Processing by CatsController#edit as HTML
  Parameters: {"id"=>"1"}
  [1m[36mCat Load (0.5ms)[0m  [1m[34mSELECT  "cats".* FROM "cats" WHERE "cats"."id" = $1 LIMIT $2[0m  [["id", 1], ["LIMIT", 1]]
  ↳ app/controllers/cats_controller.rb:27
  Rendering cats/edit.html.erb within layouts/application
  Rendered cats/edit.html.erb within layouts/application (1.1ms)
Completed 200 OK in 22ms (Views: 19.4ms | ActiveRecord: 0.5ms)


Started GET "/cats/1/edit" for 127.0.0.1 at 2019-02-26 17:04:47 -0500
Processing by CatsController#edit as HTML
  Parameters: {"id"=>"1"}
  [1m[36mCat Load (0.5ms)[0m  [1m[34mSELECT  "cats".* FROM "cats" WHERE "cats"."id" = $1 LIMIT $2[0m  [["id", 1], ["LIMIT", 1]]
  ↳ app/controllers/cats_controller.rb:27
  Rendering cats/edit.html.erb within layouts/application
  Rendered cats/edit.html.erb within layouts/application (1.1ms)
Completed 200 OK in 20ms (Views: 18.1ms | ActiveRecord: 0.5ms)


Started GET "/cats/1/edit" for 127.0.0.1 at 2019-02-26 17:04:47 -0500
Processing by CatsController#edit as HTML
  Parameters: {"id"=>"1"}
  [1m[36mCat Load (0.5ms)[0m  [1m[34mSELECT  "cats".* FROM "cats" WHERE "cats"."id" = $1 LIMIT $2[0m  [["id", 1], ["LIMIT", 1]]
  ↳ app/controllers/cats_controller.rb:27
  Rendering cats/edit.html.erb within layouts/application
  Rendered cats/edit.html.erb within layouts/application (1.0ms)
Completed 200 OK in 19ms (Views: 17.3ms | ActiveRecord: 0.5ms)


Started GET "/cats/1/edit" for 127.0.0.1 at 2019-02-26 17:04:48 -0500
Processing by CatsController#edit as HTML
  Parameters: {"id"=>"1"}
  [1m[36mCat Load (0.7ms)[0m  [1m[34mSELECT  "cats".* FROM "cats" WHERE "cats"."id" = $1 LIMIT $2[0m  [["id", 1], ["LIMIT", 1]]
  ↳ app/controllers/cats_controller.rb:27
  Rendering cats/edit.html.erb within layouts/application
  Rendered cats/edit.html.erb within layouts/application (1.0ms)
Completed 200 OK in 23ms (Views: 20.3ms | ActiveRecord: 0.7ms)


Started GET "/cats/1/edit" for 127.0.0.1 at 2019-02-26 17:04:48 -0500
Processing by CatsController#edit as HTML
  Parameters: {"id"=>"1"}
  [1m[36mCat Load (0.3ms)[0m  [1m[34mSELECT  "cats".* FROM "cats" WHERE "cats"."id" = $1 LIMIT $2[0m  [["id", 1], ["LIMIT", 1]]
  ↳ app/controllers/cats_controller.rb:27
  Rendering cats/edit.html.erb within layouts/application
  Rendered cats/edit.html.erb within layouts/application (1.1ms)
Completed 200 OK in 19ms (Views: 17.8ms | ActiveRecord: 0.3ms)


Started GET "/cats/1/edit" for 127.0.0.1 at 2019-02-26 17:04:48 -0500
Processing by CatsController#edit as HTML
  Parameters: {"id"=>"1"}
  [1m[36mCat Load (0.3ms)[0m  [1m[34mSELECT  "cats".* FROM "cats" WHERE "cats"."id" = $1 LIMIT $2[0m  [["id", 1], ["LIMIT", 1]]
  ↳ app/controllers/cats_controller.rb:27
  Rendering cats/edit.html.erb within layouts/application
  Rendered cats/edit.html.erb within layouts/application (1.0ms)
Completed 200 OK in 23ms (Views: 20.9ms | ActiveRecord: 0.3ms)


Started GET "/cats/1/edit" for 127.0.0.1 at 2019-02-26 17:05:04 -0500
Processing by CatsController#edit as HTML
  Parameters: {"id"=>"1"}
  [1m[36mCat Load (2.0ms)[0m  [1m[34mSELECT  "cats".* FROM "cats" WHERE "cats"."id" = $1 LIMIT $2[0m  [["id", 1], ["LIMIT", 1]]
  ↳ app/controllers/cats_controller.rb:27
  Rendering cats/edit.html.erb within layouts/application
  Rendered cats/edit.html.erb within layouts/application (1.9ms)
Completed 200 OK in 42ms (Views: 38.1ms | ActiveRecord: 2.0ms)


Started GET "/cats" for 127.0.0.1 at 2019-02-26 17:05:12 -0500
Processing by CatsController#index as HTML
  Rendering cats/index.html.erb within layouts/application
  [1m[36mCat Load (0.5ms)[0m  [1m[34mSELECT "cats".* FROM "cats"[0m
  ↳ app/views/cats/index.html.erb:3
  Rendered cats/index.html.erb within layouts/application (2.0ms)
Completed 200 OK in 25ms (Views: 24.0ms | ActiveRecord: 0.5ms)


Started GET "/cats/1/edit" for 127.0.0.1 at 2019-02-26 17:06:58 -0500
Processing by CatsController#edit as HTML
  Parameters: {"id"=>"1"}
  [1m[36mCat Load (0.6ms)[0m  [1m[34mSELECT  "cats".* FROM "cats" WHERE "cats"."id" = $1 LIMIT $2[0m  [["id", 1], ["LIMIT", 1]]
  ↳ app/controllers/cats_controller.rb:27
  Rendering cats/edit.html.erb within layouts/application
  Rendered cats/edit.html.erb within layouts/application (1.9ms)
Completed 200 OK in 170ms (Views: 113.0ms | ActiveRecord: 12.2ms)


Started GET "/cats" for 127.0.0.1 at 2019-02-26 17:07:04 -0500
Processing by CatsController#index as HTML
  Rendering cats/index.html.erb within layouts/application
  [1m[36mCat Load (0.6ms)[0m  [1m[34mSELECT "cats".* FROM "cats"[0m
  ↳ app/views/cats/index.html.erb:3
  Rendered cats/index.html.erb within layouts/application (4.1ms)
Completed 200 OK in 187ms (Views: 185.1ms | ActiveRecord: 0.6ms)


Started GET "/cats" for 127.0.0.1 at 2019-02-26 17:07:15 -0500
Processing by CatsController#index as HTML
  Rendering cats/index.html.erb within layouts/application
  [1m[36mCat Load (1.6ms)[0m  [1m[34mSELECT "cats".* FROM "cats"[0m
  ↳ app/views/cats/index.html.erb:3
  Rendered cats/index.html.erb within layouts/application (83.5ms)
Completed 200 OK in 381ms (Views: 288.0ms | ActiveRecord: 22.2ms)


Started GET "/cats/new" for 127.0.0.1 at 2019-02-26 17:07:36 -0500
Processing by CatsController#new as */*
  Parameters: {"user"=>{"name"=>"not_a_mussel!"}}
  Rendering cats/new.html.erb within layouts/application
  Rendered cats/new.html.erb within layouts/application (23.4ms)
Completed 200 OK in 107ms (Views: 106.3ms | ActiveRecord: 0.0ms)


Started GET "/cats/1/edit" for 127.0.0.1 at 2019-02-26 17:07:59 -0500
Processing by CatsController#edit as */*
  Parameters: {"user"=>{"name"=>"not_a_mussel!"}, "id"=>"1"}
  [1m[36mCat Load (0.6ms)[0m  [1m[34mSELECT  "cats".* FROM "cats" WHERE "cats"."id" = $1 LIMIT $2[0m  [["id", 1], ["LIMIT", 1]]
  ↳ app/controllers/cats_controller.rb:27
  Rendering cats/edit.html.erb within layouts/application
  Rendered cats/edit.html.erb within layouts/application (1.1ms)
Completed 200 OK in 179ms (Views: 136.4ms | ActiveRecord: 22.0ms)


Started GET "/cats/1/edit" for 127.0.0.1 at 2019-02-26 17:08:07 -0500
Processing by CatsController#edit as HTML
  Parameters: {"id"=>"1"}
  [1m[36mCat Load (0.5ms)[0m  [1m[34mSELECT  "cats".* FROM "cats" WHERE "cats"."id" = $1 LIMIT $2[0m  [["id", 1], ["LIMIT", 1]]
  ↳ app/controllers/cats_controller.rb:27
  Rendering cats/edit.html.erb within layouts/application
  Rendered cats/edit.html.erb within layouts/application (2.3ms)
Completed 200 OK in 101ms (Views: 99.1ms | ActiveRecord: 0.5ms)


Started GET "/cats/1/edit" for 127.0.0.1 at 2019-02-26 17:09:28 -0500
Processing by CatsController#edit as HTML
  Parameters: {"id"=>"1"}
  [1m[36mCat Load (0.3ms)[0m  [1m[34mSELECT  "cats".* FROM "cats" WHERE "cats"."id" = $1 LIMIT $2[0m  [["id", 1], ["LIMIT", 1]]
  ↳ app/controllers/cats_controller.rb:27
  Rendering cats/edit.html.erb within layouts/application
  Rendered cats/edit.html.erb within layouts/application (1.4ms)
Completed 200 OK in 504ms (Views: 426.8ms | ActiveRecord: 9.5ms)


Started PATCH "/cats/1" for 127.0.0.1 at 2019-02-26 17:09:36 -0500
Processing by CatsController#update as HTML
  Parameters: {"cat"=>{"name"=>"Nora", "birth_date"=>"2017-08-08", "sex"=>"M", "color"=>"white", "description"=>"My beautiful daughter I love her so much!!!!"}, "id"=>"1"}
  [1m[36mCat Load (0.3ms)[0m  [1m[34mSELECT  "cats".* FROM "cats" WHERE "cats"."id" = $1 LIMIT $2[0m  [["id", 1], ["LIMIT", 1]]
  ↳ app/controllers/cats_controller.rb:36
  [1m[35m (0.3ms)[0m  [1m[35mBEGIN[0m
  ↳ app/controllers/cats_controller.rb:37
  [1m[36mCat Update (9.4ms)[0m  [1m[33mUPDATE "cats" SET "sex" = $1, "updated_at" = $2 WHERE "cats"."id" = $3[0m  [["sex", "M"], ["updated_at", "2019-02-26 22:09:36.896682"], ["id", 1]]
  ↳ app/controllers/cats_controller.rb:37
  [1m[35m (0.6ms)[0m  [1m[35mCOMMIT[0m
  ↳ app/controllers/cats_controller.rb:37
Redirected to http://localhost:3000/cats/1
Completed 302 Found in 17ms (ActiveRecord: 10.6ms)


Started GET "/cats/1" for 127.0.0.1 at 2019-02-26 17:09:36 -0500
Processing by CatsController#show as HTML
  Parameters: {"id"=>"1"}
  [1m[36mCat Load (0.3ms)[0m  [1m[34mSELECT  "cats".* FROM "cats" WHERE "cats"."id" = $1 LIMIT $2[0m  [["id", 1], ["LIMIT", 1]]
  ↳ app/controllers/cats_controller.rb:9
  Rendering cats/show.html.erb within layouts/application
  Rendered cats/show.html.erb within layouts/application (0.6ms)
Completed 200 OK in 42ms (Views: 40.5ms | ActiveRecord: 0.3ms)


